<?xml version="1.0" encoding="UTF-8"?>
<testsuite xmlns:xsi="http://www.w3.org/2001/XMLSchema-instance" xsi:noNamespaceSchemaLocation="https://maven.apache.org/surefire/maven-surefire-plugin/xsd/surefire-test-report-3.0.xsd" version="3.0" name="ru.skillfactory.rx.ObservableTest" time="0.315" tests="8" errors="0" skipped="0" failures="0">
  <properties>
[...]
</properties>
  <testcase name="shouldPropagateSourceError" classname="ru.skillfactory.rx.ObservableTest" time="0.031"/>
  <testcase name="shouldDeliverBaseSignals" classname="ru.skillfactory.rx.ObservableTest" time="0.003"/>
  <testcase name="shouldUseComputationScheduler" classname="ru.skillfactory.rx.ObservableTest" time="0.013"/>
  <testcase name="shouldDisposeSubscription" classname="ru.skillfactory.rx.ObservableTest" time="0.216"/>
  <testcase name="shouldUseDifferentSchedulers" classname="ru.skillfactory.rx.ObservableTest" time="0.003"/>
  <testcase name="shouldFlatMapAndWaitAllInnerStreams" classname="ru.skillfactory.rx.ObservableTest" time="0.004"/>
  <testcase name="shouldApplyMapAndFilter" classname="ru.skillfactory.rx.ObservableTest" time="0.004"/>
  <testcase name="shouldPropagateMapError" classname="ru.skillfactory.rx.ObservableTest" time="0.002"/>
</testsuite>